{
  "RSpec": {
    "coverage": {
      "/home/ubuntu/workspace/hackbu_portal/spec/controllers/projects_controller_spec.rb": [
        1,
        null,
        1,
        1,
        1,
        null,
        1,
        null,
        1,
        null,
        null,
        1,
        1,
        null,
        1,
        null,
        1,
        null,
        null,
        1,
        1,
        1,
        1,
        1,
        null,
        1,
        null,
        null
      ],
      "/home/ubuntu/workspace/hackbu_portal/spec/rails_helper.rb": [
        null,
        1,
        1,
        null,
        1,
        1,
        1,
        1,
        1,
        null,
        null,
        null,
        null,
        null,
        null,
        null,
        null,
        null,
        null,
        null,
        null,
        null,
        null,
        null,
        null,
        null,
        null,
        null,
        null,
        1,
        null,
        1,
        null,
        1,
        null,
        null,
        1,
        null,
        null,
        1,
        null,
        null,
        null,
        null,
        1,
        null,
        null,
        null,
        null,
        null,
        null,
        null,
        null,
        null,
        null,
        null,
        null,
        null,
        null,
        null,
        1,
        null
      ],
      "/home/ubuntu/workspace/hackbu_portal/config/environment.rb": [
        null,
        1,
        null,
        null,
        1
      ],
      "/home/ubuntu/workspace/hackbu_portal/config/application.rb": [
        1,
        null,
        1,
        null,
        null,
        null,
        1,
        null,
        1,
        1,
        null,
        null,
        null,
        null,
        null,
        null,
        null,
        null,
        null,
        null,
        null,
        null,
        null,
        1,
        null,
        null
      ],
      "/home/ubuntu/workspace/hackbu_portal/config/boot.rb": [
        1,
        null,
        1
      ],
      "/home/ubuntu/workspace/hackbu_portal/config/environments/test.rb": [
        1,
        null,
        null,
        null,
        null,
        null,
        null,
        1,
        null,
        null,
        null,
        null,
        1,
        null,
        null,
        1,
        1,
        null,
        null,
        1,
        1,
        null,
        null,
        1,
        null,
        null,
        1,
        null,
        null,
        null,
        null,
        1,
        null,
        null,
        1,
        null,
        null,
        1,
        null,
        null,
        null,
        null
      ],
      "/home/ubuntu/workspace/hackbu_portal/config/initializers/assets.rb": [
        null,
        null,
        null,
        1,
        null,
        null,
        null,
        null,
        null,
        null,
        null
      ],
      "/home/ubuntu/workspace/hackbu_portal/config/initializers/backtrace_silencers.rb": [
        null,
        null,
        null,
        null,
        null,
        null,
        null
      ],
      "/home/ubuntu/workspace/hackbu_portal/config/initializers/cookies_serializer.rb": [
        null,
        null,
        1
      ],
      "/home/ubuntu/workspace/hackbu_portal/config/initializers/devise.rb": [
        null,
        null,
        1,
        null,
        null,
        null,
        null,
        null,
        null,
        null,
        null,
        null,
        null,
        null,
        1,
        null,
        null,
        null,
        null,
        null,
        null,
        null,
        null,
        1,
        null,
        null,
        null,
        null,
        null,
        null,
        null,
        null,
        null,
        null,
        null,
        null,
        null,
        null,
        null,
        null,
        null,
        null,
        null,
        null,
        null,
        1,
        null,
        null,
        null,
        null,
        1,
        null,
        null,
        null,
        null,
        null,
        null,
        null,
        null,
        null,
        null,
        null,
        null,
        null,
        null,
        null,
        null,
        null,
        null,
        null,
        null,
        null,
        null,
        null,
        null,
        null,
        null,
        null,
        null,
        null,
        null,
        1,
        null,
        null,
        null,
        null,
        null,
        null,
        null,
        null,
        null,
        null,
        null,
        null,
        null,
        null,
        null,
        null,
        1,
        null,
        null,
        null,
        null,
        null,
        null,
        null,
        null,
        null,
        null,
        null,
        null,
        null,
        null,
        null,
        null,
        null,
        null,
        null,
        null,
        null,
        null,
        null,
        null,
        1,
        null,
        null,
        null,
        null,
        null,
        null,
        null,
        null,
        null,
        1,
        null,
        null,
        null,
        null,
        null,
        null,
        null,
        null,
        null,
        null,
        1,
        null,
        null,
        null,
        null,
        null,
        null,
        null,
        null,
        null,
        null,
        null,
        null,
        null,
        null,
        null,
        null,
        null,
        null,
        null,
        null,
        null,
        null,
        null,
        null,
        null,
        null,
        null,
        null,
        null,
        null,
        null,
        null,
        null,
        null,
        null,
        null,
        null,
        null,
        null,
        null,
        null,
        null,
        null,
        null,
        null,
        1,
        null,
        null,
        null,
        null,
        null,
        null,
        null,
        null,
        null,
        null,
        null,
        null,
        null,
        null,
        null,
        null,
        null,
        null,
        null,
        null,
        null,
        null,
        null,
        null,
        null,
        null,
        null,
        null,
        null,
        null,
        null,
        null,
        null,
        null,
        null,
        null,
        null,
        null,
        null,
        null,
        null,
        1,
        null,
        null,
        null,
        null,
        null,
        null,
        null,
        null,
        null,
        null,
        null,
        null,
        null,
        null,
        null,
        null,
        null,
        null,
        null,
        null,
        null,
        null,
        null,
        null,
        null,
        null,
        null,
        null,
        null
      ],
      "/home/ubuntu/workspace/hackbu_portal/config/initializers/filter_parameter_logging.rb": [
        null,
        null,
        null,
        1
      ],
      "/home/ubuntu/workspace/hackbu_portal/config/initializers/inflections.rb": [
        null,
        null,
        null,
        null,
        null,
        null,
        null,
        null,
        null,
        null,
        null,
        null,
        null,
        null,
        null,
        null
      ],
      "/home/ubuntu/workspace/hackbu_portal/config/initializers/mime_types.rb": [
        null,
        null,
        null,
        null
      ],
      "/home/ubuntu/workspace/hackbu_portal/config/initializers/session_store.rb": [
        null,
        null,
        1
      ],
      "/home/ubuntu/workspace/hackbu_portal/config/initializers/wrap_parameters.rb": [
        null,
        null,
        null,
        null,
        null,
        null,
        1,
        1,
        null,
        null,
        null,
        null,
        null,
        null
      ],
      "/home/ubuntu/workspace/hackbu_portal/spec/factories.rb": [
        1,
        1,
        1,
        1,
        1,
        1,
        null,
        null,
        1,
        1,
        1,
        null,
        null
      ],
      "/home/ubuntu/workspace/hackbu_portal/config/routes.rb": [
        1,
        1,
        null,
        1,
        1,
        1,
        1,
        null,
        1,
        1,
        null,
        1,
        1,
        null,
        null,
        null,
        null,
        null,
        null,
        null,
        null,
        null,
        null,
        null,
        null,
        null,
        null,
        null,
        null,
        null,
        null,
        null,
        null,
        null,
        null,
        null,
        null,
        null,
        null,
        null,
        null,
        null,
        null,
        null,
        null,
        null,
        null,
        null,
        null,
        null,
        null,
        null,
        null,
        null,
        null,
        null,
        null,
        null,
        null,
        null,
        null,
        null,
        null,
        null,
        null,
        null,
        null,
        null,
        null
      ],
      "/home/ubuntu/workspace/hackbu_portal/app/models/user.rb": [
        1,
        null,
        null,
        1,
        null,
        1,
        1,
        1,
        null,
        1,
        1,
        null,
        null,
        1,
        1,
        null,
        1,
        1,
        null,
        null,
        null
      ],
      "/home/ubuntu/workspace/hackbu_portal/app/helpers/application_helper.rb": [
        1,
        null
      ],
      "/home/ubuntu/workspace/hackbu_portal/app/helpers/projects_helper.rb": [
        1,
        null
      ],
      "/home/ubuntu/workspace/hackbu_portal/app/helpers/skills_helper.rb": [
        1,
        null
      ],
      "/home/ubuntu/workspace/hackbu_portal/app/helpers/users_helper.rb": [
        1,
        null
      ],
      "/home/ubuntu/workspace/hackbu_portal/app/controllers/projects_controller.rb": [
        1,
        1,
        1,
        null,
        1,
        null,
        null,
        null,
        1,
        1,
        null,
        null,
        null,
        null,
        1,
        null,
        null,
        null,
        1,
        0,
        null,
        null,
        null,
        1,
        null,
        null,
        null,
        null,
        1,
        0,
        null,
        0,
        0,
        0,
        0,
        null,
        0,
        0,
        null,
        null,
        null,
        null,
        null,
        null,
        1,
        0,
        0,
        0,
        0,
        0,
        null,
        null,
        0,
        0,
        0,
        null,
        0,
        0,
        null,
        null,
        null,
        null,
        null,
        null,
        1,
        0,
        0,
        0,
        0,
        null,
        null,
        null,
        1,
        1,
        1,
        1,
        1,
        2,
        null,
        null,
        null,
        1,
        0,
        0,
        0,
        0,
        0,
        null,
        null,
        null,
        1,
        null,
        1,
        1,
        null,
        null,
        null,
        1,
        0,
        null,
        null
      ],
      "/home/ubuntu/workspace/hackbu_portal/app/controllers/application_controller.rb": [
        1,
        null,
        null,
        1,
        null,
        1,
        1,
        null,
        null,
        1,
        2,
        null,
        null,
        1,
        null,
        1,
        0,
        0,
        null,
        null,
        1,
        0,
        null,
        null,
        null
      ],
      "/home/ubuntu/workspace/hackbu_portal/spec/controllers/registrations_controller_spec.rb": [
        1,
        null,
        1,
        null,
        2,
        1,
        null,
        0,
        null,
        0,
        null,
        null,
        null
      ],
      "/home/ubuntu/workspace/hackbu_portal/app/controllers/registrations_controller.rb": [
        1,
        1,
        null,
        1,
        0,
        null,
        null,
        null
      ],
      "/home/ubuntu/workspace/hackbu_portal/spec/controllers/skills_controller_spec.rb": [
        1,
        null,
        1,
        null,
        null
      ],
      "/home/ubuntu/workspace/hackbu_portal/app/controllers/skills_controller.rb": [
        1,
        null,
        null
      ],
      "/home/ubuntu/workspace/hackbu_portal/spec/controllers/users_controller_spec.rb": [
        1,
        null,
        1,
        null,
        null
      ],
      "/home/ubuntu/workspace/hackbu_portal/app/controllers/users_controller.rb": [
        1,
        1,
        1,
        null,
        null,
        1,
        0,
        null,
        null,
        null,
        null,
        1,
        null,
        null,
        null,
        1,
        0,
        null,
        null,
        null,
        1,
        null,
        null,
        null,
        null,
        1,
        0,
        null,
        0,
        0,
        0,
        0,
        null,
        0,
        0,
        null,
        null,
        null,
        null,
        null,
        null,
        1,
        0,
        0,
        0,
        0,
        null,
        0,
        0,
        null,
        null,
        null,
        null,
        null,
        null,
        1,
        0,
        0,
        0,
        0,
        null,
        null,
        null,
        1,
        null,
        1,
        0,
        null,
        null,
        null,
        1,
        0,
        null,
        null
      ],
      "/home/ubuntu/workspace/hackbu_portal/spec/helpers/skills_helper_spec.rb": [
        1,
        null,
        null,
        null,
        null,
        null,
        null,
        null,
        null,
        null,
        null,
        null,
        1,
        1,
        null
      ],
      "/home/ubuntu/workspace/hackbu_portal/spec/models/project_spec.rb": [
        1,
        null,
        1,
        null,
        1,
        1,
        1,
        null,
        null,
        null,
        null,
        1,
        1,
        1,
        null,
        null,
        null,
        null,
        null
      ],
      "/home/ubuntu/workspace/hackbu_portal/app/models/project.rb": [
        1,
        1,
        1,
        null,
        1,
        null,
        1,
        1,
        1,
        null,
        null,
        1,
        2,
        null,
        null,
        null
      ],
      "/home/ubuntu/workspace/hackbu_portal/spec/models/skill_spec.rb": [
        1,
        null,
        1,
        1,
        null
      ],
      "/home/ubuntu/workspace/hackbu_portal/app/models/skill.rb": [
        1,
        1,
        1,
        null,
        1,
        1,
        null
      ],
      "/home/ubuntu/workspace/hackbu_portal/spec/models/user_spec.rb": [
        1,
        null,
        1,
        1,
        2,
        2,
        2,
        2,
        null,
        null,
        1,
        1,
        1,
        null,
        null,
        null,
        1,
        1,
        1,
        null,
        null,
        null,
        null
      ],
      "/home/ubuntu/workspace/hackbu_portal/app/models/notification.rb": [
        1,
        1,
        null
      ]
    },
    "timestamp": 1450721698
  }
}
